<?xml version="1.0" encoding="UTF-8"?>
<testng-results skipped="0" failed="0" ignored="0" total="1" passed="1">
  <reporter-output>
  </reporter-output>
  <suite name="Suite" duration-ms="7672" started-at="2024-03-02T10:22:15 IST" finished-at="2024-03-02T10:22:23 IST">
    <groups>
    </groups>
    <test name="Test" duration-ms="7672" started-at="2024-03-02T10:22:15 IST" finished-at="2024-03-02T10:22:23 IST">
      <class name="org.pda.tests.sampleTest">
        <test-method status="PASS" signature="test1()[pri:0, instance:org.pda.tests.sampleTest@4e9ba398]" name="test1" duration-ms="7601" started-at="2024-03-02T10:22:15 IST" finished-at="2024-03-02T10:22:23 IST">
          <reporter-output>
          </reporter-output>
        </test-method> <!-- test1 -->
      </class> <!-- org.pda.tests.sampleTest -->
    </test> <!-- Test -->
  </suite> <!-- Suite -->
</testng-results>
